{
  "stats": {
    "suites": 1,
    "tests": 7,
    "passes": 4,
    "pending": 0,
    "failures": 3,
    "start": "2020-04-05T18:42:34.229Z",
    "end": "2020-04-05T18:42:45.403Z",
    "duration": 11174,
    "testsRegistered": 7,
    "passPercent": 57.14285714285714,
    "pendingPercent": 0,
    "other": 0,
    "hasOther": false,
    "skipped": 0,
    "hasSkipped": false
  },
  "results": [
    {
      "uuid": "362f75ab-c549-4121-ae65-0092d2ad3887",
      "title": "",
      "fullFile": "cypress/integration/test-flow.spec.js",
      "file": "cypress/integration/test-flow.spec.js",
      "beforeHooks": [],
      "afterHooks": [],
      "tests": [],
      "suites": [
        {
          "uuid": "974bd69e-af1c-401b-9dc0-a77f86e13839",
          "title": "Modus Create - Cypress excersise",
          "fullFile": "",
          "file": "",
          "beforeHooks": [],
          "afterHooks": [],
          "tests": [
            {
              "title": "Add button is disabled when no value has been entered",
              "fullTitle": "Modus Create - Cypress excersise Add button is disabled when no value has been entered",
              "timedOut": null,
              "duration": 5887,
              "state": "failed",
              "speed": null,
              "pass": false,
              "fail": true,
              "pending": false,
              "context": null,
              "code": "cy.log('This test will fail when it should not. It was a requirement in the exam to have one.');\ncy.get(selectors.addButton).contains('Add').should('not.be.disabled');",
              "err": {
                "message": "AssertionError: Timed out retrying: expected '<button.submit._1QF5S._1oggc>' not to be 'disabled'",
                "estack": "AssertionError: Timed out retrying: expected '<button.submit._1QF5S._1oggc>' not to be 'disabled'\n    at applyChainer (https://budget.modus.app/__cypress/runner/cypress_runner.js:131705:30)\n    at https://budget.modus.app/__cypress/runner/cypress_runner.js:131748:16\n    at arrayReduce (https://budget.modus.app/__cypress/runner/cypress_runner.js:18403:21)\n    at Function.reduce (https://budget.modus.app/__cypress/runner/cypress_runner.js:27401:14)\n    at applyChainers (https://budget.modus.app/__cypress/runner/cypress_runner.js:131738:18)\n    at tryCatcher (https://budget.modus.app/__cypress/runner/cypress_runner.js:9059:23)\n    at Function.Promise.attempt.Promise.try (https://budget.modus.app/__cypress/runner/cypress_runner.js:6333:29)\n    at Context.shouldFn (https://budget.modus.app/__cypress/runner/cypress_runner.js:131752:23)\n    at Context.should (https://budget.modus.app/__cypress/runner/cypress_runner.js:131767:23)\n    at https://budget.modus.app/__cypress/runner/cypress_runner.js:127819:39\n    at assertions (https://budget.modus.app/__cypress/runner/cypress_runner.js:128079:14)\n    at tryCatcher (https://budget.modus.app/__cypress/runner/cypress_runner.js:9059:23)\n    at Object.gotValue (https://budget.modus.app/__cypress/runner/cypress_runner.js:8203:18)\n    at Object.gotAccum (https://budget.modus.app/__cypress/runner/cypress_runner.js:8190:25)\n    at Object.tryCatcher (https://budget.modus.app/__cypress/runner/cypress_runner.js:9059:23)\n    at Promise._settlePromiseFromHandler (https://budget.modus.app/__cypress/runner/cypress_runner.js:6994:31)",
                "diff": null
              },
              "uuid": "c399de5b-a31e-4214-ac94-99729e0e09e1",
              "parentUUID": "974bd69e-af1c-401b-9dc0-a77f86e13839",
              "isHook": false,
              "skipped": false
            },
            {
              "title": "Selected category, description and value are added to the table",
              "fullTitle": "Modus Create - Cypress excersise Selected category, description and value are added to the table",
              "timedOut": null,
              "duration": 870,
              "state": "passed",
              "speed": "slow",
              "pass": true,
              "fail": false,
              "pending": false,
              "context": null,
              "code": "var newValue = 124;\ncy.addEntry('Income', 'Cypress exercise', newValue).click().get(selectors.category).contains('Income').get(selectors.description).contains('Cypress exercise').get(selectors.value).contains(newValue);",
              "err": {},
              "uuid": "cc3d46dc-fbb5-4601-bef8-5177843b6543",
              "parentUUID": "974bd69e-af1c-401b-9dc0-a77f86e13839",
              "isHook": false,
              "skipped": false
            },
            {
              "title": "Add button is still disabled when user adds a string in the value field",
              "fullTitle": "Modus Create - Cypress excersise Add button is still disabled when user adds a string in the value field",
              "timedOut": null,
              "duration": 855,
              "state": "passed",
              "speed": "slow",
              "pass": true,
              "fail": false,
              "pending": false,
              "context": null,
              "code": "var newValue = 'test';\ncy.addEntry('Income', 'I will try to add a string', newValue).get(selectors.addButton).contains('Add').should('be.disabled');",
              "err": {},
              "uuid": "65b4dc7b-c648-4ec0-9093-76b5561f6922",
              "parentUUID": "974bd69e-af1c-401b-9dc0-a77f86e13839",
              "isHook": false,
              "skipped": false
            },
            {
              "title": "Incomes are updated in Total Inflow field",
              "fullTitle": "Modus Create - Cypress excersise Incomes are updated in Total Inflow field",
              "timedOut": null,
              "duration": 579,
              "state": "passed",
              "speed": "slow",
              "pass": true,
              "fail": false,
              "pending": false,
              "context": null,
              "code": "// Initial status of Incomes & Outcomes\nvar currentIncome = functions.incomeNumber(); // Add an income\nvar newValue = 234;\ncy.addEntry('Income', ' ', newValue).click(); // Get the inital total + newIncome\nvar nextIncome = currentIncome + newValue; // New status of Incomes should equal nextIncome\nexpect(nextIncome).to.equal(currentIncome + newValue);",
              "err": {},
              "uuid": "159486af-4721-48e2-8da5-dabb8cdc62ff",
              "parentUUID": "974bd69e-af1c-401b-9dc0-a77f86e13839",
              "isHook": false,
              "skipped": false
            },
            {
              "title": "Outcomes are updated in Total Outflow field",
              "fullTitle": "Modus Create - Cypress excersise Outcomes are updated in Total Outflow field",
              "timedOut": null,
              "duration": 848,
              "state": "passed",
              "speed": "slow",
              "pass": true,
              "fail": false,
              "pending": false,
              "context": null,
              "code": "// Initial status of Outcomes\nvar currentOutcome = functions.outcomeNumber(); // Add an Outcome\nvar newValue = 345;\ncy.addEntry('Groceries', 'Add Groceries expenses', newValue).click(); // Get the inital total + newOutcome\nvar nextOutcome = currentOutcome + newValue; // New status of Outcomes should equal nextOutcome\nexpect(nextOutcome).to.equal(currentOutcome + newValue);",
              "err": {},
              "uuid": "d0b83f1f-5857-4d0b-a988-df1f33efb866",
              "parentUUID": "974bd69e-af1c-401b-9dc0-a77f86e13839",
              "isHook": false,
              "skipped": false
            },
            {
              "title": "Added an Income = Total amount is updated in Working balance field",
              "fullTitle": "Modus Create - Cypress excersise Added an Income = Total amount is updated in Working balance field",
              "timedOut": null,
              "duration": 319,
              "state": "failed",
              "speed": null,
              "pass": false,
              "fail": true,
              "pending": false,
              "context": null,
              "code": "// Initial status of Incomes & Outcomes\nvar currentIncome = functions.incomeNumber();\nvar currentOutcome = functions.outcomeNumber(); // Add an income\nvar newValue = 845;\ncy.addEntry('Income', 'Income to test Working balance!', newValue).click(); // Get the current total amount after adding an income\nvar total = functions.totalNumber(); // New Working balance should match incomes less outcomes\nvar balance = (currentIncome - currentOutcome).toFixed(2);\nexpect(total).to.equal(balance);",
              "err": {
                "message": "AssertionError: expected 2226.93 to equal '2226.93'",
                "estack": "AssertionError: expected 2226.93 to equal '2226.93'\n    at Context.runnable.fn (https://budget.modus.app/__cypress/runner/cypress_runner.js:144790:24)\n    at callFn (https://budget.modus.app/__cypress/runner/cypress_runner.js:88160:21)\n    at https://budget.modus.app/__cypress/runner/cypress_runner.js:148766:28\n    at PassThroughHandlerContext.finallyHandler (https://budget.modus.app/__cypress/runner/cypress_runner.js:5613:23)\n    at PassThroughHandlerContext.tryCatcher (https://budget.modus.app/__cypress/runner/cypress_runner.js:9059:23)\n    at Promise._settlePromiseFromHandler (https://budget.modus.app/__cypress/runner/cypress_runner.js:6994:31)\n    at Promise._settlePromise (https://budget.modus.app/__cypress/runner/cypress_runner.js:7051:18)\n    at Promise._settlePromise0 (https://budget.modus.app/__cypress/runner/cypress_runner.js:7096:10)\n    at Promise._settlePromises (https://budget.modus.app/__cypress/runner/cypress_runner.js:7176:18)\n    at Promise._fulfill (https://budget.modus.app/__cypress/runner/cypress_runner.js:7120:18)\n    at Promise._settlePromise (https://budget.modus.app/__cypress/runner/cypress_runner.js:7064:21)\n    at Promise._settlePromise0 (https://budget.modus.app/__cypress/runner/cypress_runner.js:7096:10)\n    at Promise._settlePromises (https://budget.modus.app/__cypress/runner/cypress_runner.js:7176:18)\n    at Promise._fulfill (https://budget.modus.app/__cypress/runner/cypress_runner.js:7120:18)\n    at Promise._resolveCallback (https://budget.modus.app/__cypress/runner/cypress_runner.js:6914:57)",
                "diff": "- 2226.93\n+ '2226.93'\n"
              },
              "uuid": "76e8f244-3f2c-4dfb-9355-0cc33abb0f33",
              "parentUUID": "974bd69e-af1c-401b-9dc0-a77f86e13839",
              "isHook": false,
              "skipped": false
            },
            {
              "title": "Added an Outcome = Total amount is updated in Working balance field",
              "fullTitle": "Modus Create - Cypress excersise Added an Outcome = Total amount is updated in Working balance field",
              "timedOut": null,
              "duration": 291,
              "state": "failed",
              "speed": null,
              "pass": false,
              "fail": true,
              "pending": false,
              "context": null,
              "code": "// Initial status of Incomes & Outcomes\nvar currentIncome = functions.incomeNumber();\nvar currentOutcome = functions.outcomeNumber(); // Add an outcome\ncy.addEntry('Home', 'Outcome to test Working balance!', 500).click(); // Get the current total amount after adding an outcome\nvar total = functions.totalNumber(); // New Working balance should match incomes less outcomes\nvar balance = (currentIncome - currentOutcome).toFixed(2);\nexpect(total).to.equal(balance);",
              "err": {
                "message": "AssertionError: expected 2226.93 to equal '2226.93'",
                "estack": "AssertionError: expected 2226.93 to equal '2226.93'\n    at Context.runnable.fn (https://budget.modus.app/__cypress/runner/cypress_runner.js:144790:24)\n    at callFn (https://budget.modus.app/__cypress/runner/cypress_runner.js:88160:21)\n    at https://budget.modus.app/__cypress/runner/cypress_runner.js:148766:28\n    at PassThroughHandlerContext.finallyHandler (https://budget.modus.app/__cypress/runner/cypress_runner.js:5613:23)\n    at PassThroughHandlerContext.tryCatcher (https://budget.modus.app/__cypress/runner/cypress_runner.js:9059:23)\n    at Promise._settlePromiseFromHandler (https://budget.modus.app/__cypress/runner/cypress_runner.js:6994:31)\n    at Promise._settlePromise (https://budget.modus.app/__cypress/runner/cypress_runner.js:7051:18)\n    at Promise._settlePromise0 (https://budget.modus.app/__cypress/runner/cypress_runner.js:7096:10)\n    at Promise._settlePromises (https://budget.modus.app/__cypress/runner/cypress_runner.js:7176:18)\n    at Promise._fulfill (https://budget.modus.app/__cypress/runner/cypress_runner.js:7120:18)\n    at Promise._settlePromise (https://budget.modus.app/__cypress/runner/cypress_runner.js:7064:21)\n    at Promise._settlePromise0 (https://budget.modus.app/__cypress/runner/cypress_runner.js:7096:10)\n    at Promise._settlePromises (https://budget.modus.app/__cypress/runner/cypress_runner.js:7176:18)\n    at Promise._fulfill (https://budget.modus.app/__cypress/runner/cypress_runner.js:7120:18)\n    at Promise._resolveCallback (https://budget.modus.app/__cypress/runner/cypress_runner.js:6914:57)",
                "diff": "- 2226.93\n+ '2226.93'\n"
              },
              "uuid": "7d66f151-283d-4505-bbc4-6d88422052cb",
              "parentUUID": "974bd69e-af1c-401b-9dc0-a77f86e13839",
              "isHook": false,
              "skipped": false
            }
          ],
          "suites": [],
          "passes": [
            "cc3d46dc-fbb5-4601-bef8-5177843b6543",
            "65b4dc7b-c648-4ec0-9093-76b5561f6922",
            "159486af-4721-48e2-8da5-dabb8cdc62ff",
            "d0b83f1f-5857-4d0b-a988-df1f33efb866"
          ],
          "failures": [
            "c399de5b-a31e-4214-ac94-99729e0e09e1",
            "76e8f244-3f2c-4dfb-9355-0cc33abb0f33",
            "7d66f151-283d-4505-bbc4-6d88422052cb"
          ],
          "pending": [],
          "skipped": [],
          "duration": 9649,
          "root": false,
          "rootEmpty": false,
          "_timeout": 2000
        }
      ],
      "passes": [],
      "failures": [],
      "pending": [],
      "skipped": [],
      "duration": 0,
      "root": true,
      "rootEmpty": true,
      "_timeout": 2000
    }
  ],
  "meta": {
    "mocha": {
      "version": "7.0.0"
    },
    "mochawesome": {
      "options": {
        "quiet": false,
        "reportFilename": "report",
        "saveHtml": true,
        "saveJson": true,
        "consoleReporter": "spec",
        "useInlineDiffs": false,
        "code": true
      },
      "version": "5.0.0"
    },
    "marge": {
      "options": {
        "charts": false,
        "html": true,
        "json": true,
        "reportDir": "cypress/reports",
        "reportFilename": "report",
        "overwrite": true
      },
      "version": "4.1.0"
    }
  }
}