{
  "stats": {
    "suites": 1,
    "tests": 7,
    "passes": 6,
    "pending": 0,
    "failures": 1,
    "start": "2020-04-05T18:15:05.259Z",
    "end": "2020-04-05T18:15:17.406Z",
    "duration": 12147,
    "testsRegistered": 7,
    "passPercent": 85.71428571428571,
    "pendingPercent": 0,
    "other": 0,
    "hasOther": false,
    "skipped": 0,
    "hasSkipped": false
  },
  "results": [
    {
      "uuid": "04b7cdc7-63e1-41ba-900d-2b84674a07bb",
      "title": "",
      "fullFile": "cypress/integration/test-flow.spec.js",
      "file": "cypress/integration/test-flow.spec.js",
      "beforeHooks": [],
      "afterHooks": [],
      "tests": [],
      "suites": [
        {
          "uuid": "e7efc0fd-448f-4950-83b2-ad0335dca40d",
          "title": "Modus Create - Cypress excersise",
          "fullFile": "",
          "file": "",
          "beforeHooks": [],
          "afterHooks": [],
          "tests": [
            {
              "title": "Add button is disabled when no value has been entered",
              "fullTitle": "Modus Create - Cypress excersise Add button is disabled when no value has been entered",
              "timedOut": null,
              "duration": 5793,
              "state": "failed",
              "speed": null,
              "pass": false,
              "fail": true,
              "pending": false,
              "context": null,
              "code": "cy.log('This test will fail when it should not. It was a requirement in the exam to have one.');\ncy.get(selectors.addButton).contains('Add').should('not.be.disabled');",
              "err": {
                "message": "AssertionError: Timed out retrying: expected '<button.submit._1QF5S._1oggc>' not to be 'disabled'",
                "estack": "AssertionError: Timed out retrying: expected '<button.submit._1QF5S._1oggc>' not to be 'disabled'\n    at applyChainer (https://budget.modus.app/__cypress/runner/cypress_runner.js:131705:30)\n    at https://budget.modus.app/__cypress/runner/cypress_runner.js:131748:16\n    at arrayReduce (https://budget.modus.app/__cypress/runner/cypress_runner.js:18403:21)\n    at Function.reduce (https://budget.modus.app/__cypress/runner/cypress_runner.js:27401:14)\n    at applyChainers (https://budget.modus.app/__cypress/runner/cypress_runner.js:131738:18)\n    at tryCatcher (https://budget.modus.app/__cypress/runner/cypress_runner.js:9059:23)\n    at Function.Promise.attempt.Promise.try (https://budget.modus.app/__cypress/runner/cypress_runner.js:6333:29)\n    at Context.shouldFn (https://budget.modus.app/__cypress/runner/cypress_runner.js:131752:23)\n    at Context.should (https://budget.modus.app/__cypress/runner/cypress_runner.js:131767:23)\n    at https://budget.modus.app/__cypress/runner/cypress_runner.js:127819:39\n    at assertions (https://budget.modus.app/__cypress/runner/cypress_runner.js:128079:14)\n    at tryCatcher (https://budget.modus.app/__cypress/runner/cypress_runner.js:9059:23)\n    at Object.gotValue (https://budget.modus.app/__cypress/runner/cypress_runner.js:8203:18)\n    at Object.gotAccum (https://budget.modus.app/__cypress/runner/cypress_runner.js:8190:25)\n    at Object.tryCatcher (https://budget.modus.app/__cypress/runner/cypress_runner.js:9059:23)\n    at Promise._settlePromiseFromHandler (https://budget.modus.app/__cypress/runner/cypress_runner.js:6994:31)",
                "diff": null
              },
              "uuid": "24528a7f-41bd-4129-bf8d-79228cb8d636",
              "parentUUID": "e7efc0fd-448f-4950-83b2-ad0335dca40d",
              "isHook": false,
              "skipped": false
            },
            {
              "title": "Selected category, description and value are added to the table",
              "fullTitle": "Modus Create - Cypress excersise Selected category, description and value are added to the table",
              "timedOut": null,
              "duration": 830,
              "state": "passed",
              "speed": "slow",
              "pass": true,
              "fail": false,
              "pending": false,
              "context": null,
              "code": "var newValue = 124;\ncy.addEntry('Income', 'Cypress exercise', newValue).click().get(selectors.category).contains('Income').get(selectors.description).contains('Cypress exercise').get(selectors.value).contains(newValue);",
              "err": {},
              "uuid": "22c691a0-63ab-4a8b-8f55-65d837958fb6",
              "parentUUID": "e7efc0fd-448f-4950-83b2-ad0335dca40d",
              "isHook": false,
              "skipped": false
            },
            {
              "title": "Add button is still disabled when user adds a string in the value field",
              "fullTitle": "Modus Create - Cypress excersise Add button is still disabled when user adds a string in the value field",
              "timedOut": null,
              "duration": 847,
              "state": "passed",
              "speed": "slow",
              "pass": true,
              "fail": false,
              "pending": false,
              "context": null,
              "code": "var newValue = 'test';\ncy.addEntry('Income', 'I will try to add a string', newValue).get(selectors.addButton).contains('Add').should('be.disabled');",
              "err": {},
              "uuid": "296e0dab-651c-4bb4-8a6d-827dc75c1666",
              "parentUUID": "e7efc0fd-448f-4950-83b2-ad0335dca40d",
              "isHook": false,
              "skipped": false
            },
            {
              "title": "Incomes are updated in Total Inflow field",
              "fullTitle": "Modus Create - Cypress excersise Incomes are updated in Total Inflow field",
              "timedOut": null,
              "duration": 575,
              "state": "passed",
              "speed": "slow",
              "pass": true,
              "fail": false,
              "pending": false,
              "context": null,
              "code": "// Initial status of Incomes & Outcomes\nvar currentIncome = functions.incomeNumber(); // Add an income\nvar newValue = 234;\ncy.addEntry('Income', ' ', newValue).click(); // Get the inital total + newIncome\nvar nextIncome = currentIncome + newValue; // New status of Incomes should equal nextIncome\nexpect(nextIncome).to.equal(currentIncome + newValue);",
              "err": {},
              "uuid": "78330d56-fe00-4f78-a687-482b624d65ea",
              "parentUUID": "e7efc0fd-448f-4950-83b2-ad0335dca40d",
              "isHook": false,
              "skipped": false
            },
            {
              "title": "Outcomes are updated in Total Outflow field",
              "fullTitle": "Modus Create - Cypress excersise Outcomes are updated in Total Outflow field",
              "timedOut": null,
              "duration": 843,
              "state": "passed",
              "speed": "slow",
              "pass": true,
              "fail": false,
              "pending": false,
              "context": null,
              "code": "// Initial status of Outcomes\nvar currentOutcome = functions.outcomeNumber(); // Add an Outcome\nvar newValue = 345;\ncy.addEntry('Groceries', 'Add Groceries expenses', newValue).click(); // Get the inital total + newOutcome\nvar nextOutcome = currentOutcome + newValue; // New status of Incomes should equal nextIncome\nexpect(nextOutcome).to.equal(currentOutcome + newValue);",
              "err": {},
              "uuid": "a35a512a-d2d6-4e5e-b0bf-87ae59594721",
              "parentUUID": "e7efc0fd-448f-4950-83b2-ad0335dca40d",
              "isHook": false,
              "skipped": false
            },
            {
              "title": "Added an Income = Total amount is updated in Working balance field",
              "fullTitle": "Modus Create - Cypress excersise Added an Income = Total amount is updated in Working balance field",
              "timedOut": null,
              "duration": 965,
              "state": "passed",
              "speed": "slow",
              "pass": true,
              "fail": false,
              "pending": false,
              "context": null,
              "code": "// Initial status of Incomes & Outcomes\nvar currentIncome = functions.incomeNumber();\nvar currentOutcome = functions.outcomeNumber(); // Add an income\nvar newValue = 845;\ncy.addEntry('Income', 'Income to test Working balance!', newValue).click(); // Get the current total amount after adding an income\nvar total = functions.totalNumber(); // New Working balance should match incomes less outcomes\nvar balance = (currentIncome - currentOutcome).toFixed(2);\nexpect(total).to.equal(balance);",
              "err": {},
              "uuid": "e36fbba5-b905-471d-b863-3dd3b43096d6",
              "parentUUID": "e7efc0fd-448f-4950-83b2-ad0335dca40d",
              "isHook": false,
              "skipped": false
            },
            {
              "title": "Added an Outcome = Total amount is updated in Working balance field",
              "fullTitle": "Modus Create - Cypress excersise Added an Outcome = Total amount is updated in Working balance field",
              "timedOut": null,
              "duration": 950,
              "state": "passed",
              "speed": "slow",
              "pass": true,
              "fail": false,
              "pending": false,
              "context": null,
              "code": "// Initial status of Incomes & Outcomes\nvar currentIncome = functions.incomeNumber();\nvar currentOutcome = functions.outcomeNumber(); // Add an outcome\ncy.addEntry('Home', 'Outcome to test Working balance!', 500).click(); // Get the current total amount after adding an outcome\nvar total = functions.totalNumber(); // New Working balance should match incomes less outcomes\nvar balance = (currentIncome - currentOutcome).toFixed(2);\nexpect(total).to.equal(balance);",
              "err": {},
              "uuid": "def62de9-b058-4a3c-b261-f2276686f198",
              "parentUUID": "e7efc0fd-448f-4950-83b2-ad0335dca40d",
              "isHook": false,
              "skipped": false
            }
          ],
          "suites": [],
          "passes": [
            "22c691a0-63ab-4a8b-8f55-65d837958fb6",
            "296e0dab-651c-4bb4-8a6d-827dc75c1666",
            "78330d56-fe00-4f78-a687-482b624d65ea",
            "a35a512a-d2d6-4e5e-b0bf-87ae59594721",
            "e36fbba5-b905-471d-b863-3dd3b43096d6",
            "def62de9-b058-4a3c-b261-f2276686f198"
          ],
          "failures": [
            "24528a7f-41bd-4129-bf8d-79228cb8d636"
          ],
          "pending": [],
          "skipped": [],
          "duration": 10803,
          "root": false,
          "rootEmpty": false,
          "_timeout": 2000
        }
      ],
      "passes": [],
      "failures": [],
      "pending": [],
      "skipped": [],
      "duration": 0,
      "root": true,
      "rootEmpty": true,
      "_timeout": 2000
    }
  ],
  "meta": {
    "mocha": {
      "version": "7.0.0"
    },
    "mochawesome": {
      "options": {
        "quiet": false,
        "reportFilename": "report",
        "saveHtml": true,
        "saveJson": true,
        "consoleReporter": "spec",
        "useInlineDiffs": false,
        "code": true
      },
      "version": "5.0.0"
    },
    "marge": {
      "options": {
        "charts": false,
        "html": true,
        "json": true,
        "reportDir": "cypress/reports",
        "reportFilename": "report",
        "overwrite": true
      },
      "version": "4.1.0"
    }
  }
}