{
  "stats": {
    "suites": 1,
    "tests": 6,
    "passes": 5,
    "pending": 0,
    "failures": 1,
    "start": "2020-04-05T14:32:13.862Z",
    "end": "2020-04-05T14:32:25.813Z",
    "duration": 11951,
    "testsRegistered": 6,
    "passPercent": 83.33333333333334,
    "pendingPercent": 0,
    "other": 0,
    "hasOther": false,
    "skipped": 0,
    "hasSkipped": false
  },
  "results": [
    {
      "uuid": "ffaf99a9-beab-4aa5-941b-e6a8d5c2aef4",
      "title": "",
      "fullFile": "cypress/integration/test-flow.spec.js",
      "file": "cypress/integration/test-flow.spec.js",
      "beforeHooks": [],
      "afterHooks": [],
      "tests": [],
      "suites": [
        {
          "uuid": "7a2fa6d4-9458-45dc-8547-f409c8a9bb92",
          "title": "Modus Create - Cypress excersise",
          "fullFile": "",
          "file": "",
          "beforeHooks": [],
          "afterHooks": [],
          "tests": [
            {
              "title": "Add button is disabled when no value has been entered",
              "fullTitle": "Modus Create - Cypress excersise Add button is disabled when no value has been entered",
              "timedOut": null,
              "duration": 5716,
              "state": "failed",
              "speed": null,
              "pass": false,
              "fail": true,
              "pending": false,
              "context": null,
              "code": "cy.log('This fail will test when it should not. It was a requirement in the exam to have one.');\ncy.get('div:nth-child(4) > button').contains('Add').should('not.be.disabled');",
              "err": {
                "message": "AssertionError: Timed out retrying: expected '<button.submit._1QF5S._1oggc>' not to be 'disabled'",
                "estack": "AssertionError: Timed out retrying: expected '<button.submit._1QF5S._1oggc>' not to be 'disabled'\n    at applyChainer (https://budget.modus.app/__cypress/runner/cypress_runner.js:131705:30)\n    at https://budget.modus.app/__cypress/runner/cypress_runner.js:131748:16\n    at arrayReduce (https://budget.modus.app/__cypress/runner/cypress_runner.js:18403:21)\n    at Function.reduce (https://budget.modus.app/__cypress/runner/cypress_runner.js:27401:14)\n    at applyChainers (https://budget.modus.app/__cypress/runner/cypress_runner.js:131738:18)\n    at tryCatcher (https://budget.modus.app/__cypress/runner/cypress_runner.js:9059:23)\n    at Function.Promise.attempt.Promise.try (https://budget.modus.app/__cypress/runner/cypress_runner.js:6333:29)\n    at Context.shouldFn (https://budget.modus.app/__cypress/runner/cypress_runner.js:131752:23)\n    at Context.should (https://budget.modus.app/__cypress/runner/cypress_runner.js:131767:23)\n    at https://budget.modus.app/__cypress/runner/cypress_runner.js:127819:39\n    at assertions (https://budget.modus.app/__cypress/runner/cypress_runner.js:128079:14)\n    at tryCatcher (https://budget.modus.app/__cypress/runner/cypress_runner.js:9059:23)\n    at Object.gotValue (https://budget.modus.app/__cypress/runner/cypress_runner.js:8203:18)\n    at Object.gotAccum (https://budget.modus.app/__cypress/runner/cypress_runner.js:8190:25)\n    at Object.tryCatcher (https://budget.modus.app/__cypress/runner/cypress_runner.js:9059:23)\n    at Promise._settlePromiseFromHandler (https://budget.modus.app/__cypress/runner/cypress_runner.js:6994:31)",
                "diff": null
              },
              "uuid": "4064e318-7852-4530-9b4d-7182730e3609",
              "parentUUID": "7a2fa6d4-9458-45dc-8547-f409c8a9bb92",
              "isHook": false,
              "skipped": false
            },
            {
              "title": "Selected category, description and value are added to the table",
              "fullTitle": "Modus Create - Cypress excersise Selected category, description and value are added to the table",
              "timedOut": null,
              "duration": 812,
              "state": "passed",
              "speed": "slow",
              "pass": true,
              "fail": false,
              "pending": false,
              "context": null,
              "code": "cy.addEntry('Income', 'Cypress exercise', newValue).get('tbody tr:last-child td:nth-child(1)').contains('Income').get('tbody tr:last-child td:nth-child(2)').contains('Cypress exercise').get('tbody tr:last-child td:nth-child(3)').contains(newValue);",
              "err": {},
              "uuid": "aa15c062-2f3e-4d69-b7bf-e4ffe92b390f",
              "parentUUID": "7a2fa6d4-9458-45dc-8547-f409c8a9bb92",
              "isHook": false,
              "skipped": false
            },
            {
              "title": "Incomes are reflected in Total Inflow field",
              "fullTitle": "Modus Create - Cypress excersise Incomes are reflected in Total Inflow field",
              "timedOut": null,
              "duration": 939,
              "state": "passed",
              "speed": "slow",
              "pass": true,
              "fail": false,
              "pending": false,
              "context": null,
              "code": "// Initial status of Incomes & Outcomes\nvar currentIncome = functions.incomeNumber(); // Add an income\ncy.addEntry('Income', 'Cypress will provide incomes', newValue); // Get the inital total + newIncome\nvar nextIncome = currentIncome + newValue; // New status of Incomes should equal nextIncome\nexpect(nextIncome).to.equal(currentIncome + newValue);",
              "err": {},
              "uuid": "a5cbd849-4979-454c-bd32-17903169f5d7",
              "parentUUID": "7a2fa6d4-9458-45dc-8547-f409c8a9bb92",
              "isHook": false,
              "skipped": false
            },
            {
              "title": "Outcomes are reflected in Total Outflow field",
              "fullTitle": "Modus Create - Cypress excersise Outcomes are reflected in Total Outflow field",
              "timedOut": null,
              "duration": 904,
              "state": "passed",
              "speed": "slow",
              "pass": true,
              "fail": false,
              "pending": false,
              "context": null,
              "code": "// Initial status of Outcomes\nvar currentOutcome = functions.outcomeNumber(); // Add an Outcome\ncy.addEntry('Groceries', 'Add Groceries expenses', newValue); // Get the inital total + newOutcome\nvar nextOutcome = currentOutcome + newValue; // New status of Incomes should equal nextIncome\nexpect(nextOutcome).to.equal(currentOutcome + newValue);",
              "err": {},
              "uuid": "1c7b12fb-1a48-4126-aff8-faf4236f76f2",
              "parentUUID": "7a2fa6d4-9458-45dc-8547-f409c8a9bb92",
              "isHook": false,
              "skipped": false
            },
            {
              "title": "Added an Income = Total amount is reflected in Working balance field",
              "fullTitle": "Modus Create - Cypress excersise Added an Income = Total amount is reflected in Working balance field",
              "timedOut": null,
              "duration": 996,
              "state": "passed",
              "speed": "slow",
              "pass": true,
              "fail": false,
              "pending": false,
              "context": null,
              "code": "// Initial status of Incomes & Outcomes\nvar currentIncome = functions.incomeNumber();\nvar currentOutcome = functions.outcomeNumber(); // Add an income\ncy.addEntry('Income', 'Income to test Working balance!', 300); // Get the current total amount after adding \nvar total = functions.totalNumber(); // New Working balance should match incomes-outcomes\nvar balance = (currentIncome - currentOutcome).toFixed(2);\nexpect(total).to.equal(balance);",
              "err": {},
              "uuid": "ef38194d-72f6-41f9-b8e4-3ba656e267a4",
              "parentUUID": "7a2fa6d4-9458-45dc-8547-f409c8a9bb92",
              "isHook": false,
              "skipped": false
            },
            {
              "title": "Added an Outcome = Total amount is reflected in Working balance field",
              "fullTitle": "Modus Create - Cypress excersise Added an Outcome = Total amount is reflected in Working balance field",
              "timedOut": null,
              "duration": 931,
              "state": "passed",
              "speed": "slow",
              "pass": true,
              "fail": false,
              "pending": false,
              "context": null,
              "code": "// Initial status of Incomes & Outcomes\nvar currentIncome = functions.incomeNumber();\nvar currentOutcome = functions.outcomeNumber(); // Add an outcome\ncy.addEntry('Home', 'Outcome to test Working balance!', 500); // Get the current total amount after adding and outcome\nvar total = functions.totalNumber(); // New Working balance should match incomes-outcomes\nvar balance = (currentIncome - currentOutcome).toFixed(2);\nexpect(total).to.equal(balance);",
              "err": {},
              "uuid": "ad601eba-189e-42db-94c4-2f07a5649bd1",
              "parentUUID": "7a2fa6d4-9458-45dc-8547-f409c8a9bb92",
              "isHook": false,
              "skipped": false
            }
          ],
          "suites": [],
          "passes": [
            "aa15c062-2f3e-4d69-b7bf-e4ffe92b390f",
            "a5cbd849-4979-454c-bd32-17903169f5d7",
            "1c7b12fb-1a48-4126-aff8-faf4236f76f2",
            "ef38194d-72f6-41f9-b8e4-3ba656e267a4",
            "ad601eba-189e-42db-94c4-2f07a5649bd1"
          ],
          "failures": [
            "4064e318-7852-4530-9b4d-7182730e3609"
          ],
          "pending": [],
          "skipped": [],
          "duration": 10298,
          "root": false,
          "rootEmpty": false,
          "_timeout": 2000
        }
      ],
      "passes": [],
      "failures": [],
      "pending": [],
      "skipped": [],
      "duration": 0,
      "root": true,
      "rootEmpty": true,
      "_timeout": 2000
    }
  ],
  "meta": {
    "mocha": {
      "version": "7.0.0"
    },
    "mochawesome": {
      "options": {
        "quiet": false,
        "reportFilename": "report",
        "saveHtml": true,
        "saveJson": true,
        "consoleReporter": "spec",
        "useInlineDiffs": false,
        "code": true
      },
      "version": "5.0.0"
    },
    "marge": {
      "options": {
        "charts": false,
        "html": true,
        "json": true,
        "reportDir": "cypress/reports",
        "reportFilename": "report",
        "overwrite": true
      },
      "version": "4.1.0"
    }
  }
}