{
  "stats": {
    "suites": 1,
    "tests": 0,
    "passes": 0,
    "pending": 0,
    "failures": 0,
    "start": "2020-04-06T00:31:34.058Z",
    "end": "2020-04-06T00:32:34.429Z",
    "duration": 60371,
    "testsRegistered": 1,
    "passPercent": 0,
    "pendingPercent": 0,
    "other": 1,
    "hasOther": true,
    "skipped": 1,
    "hasSkipped": true
  },
  "results": [
    {
      "uuid": "07496c07-d014-47e9-a9db-2f33377d282a",
      "title": "",
      "fullFile": "cypress/integration/test-flow.spec.js",
      "file": "cypress/integration/test-flow.spec.js",
      "beforeHooks": [],
      "afterHooks": [],
      "tests": [],
      "suites": [
        {
          "uuid": "933a9aa2-f101-492e-bf8f-1dfaae42ba60",
          "title": "Modus Create - Cypress exercise",
          "fullFile": "",
          "file": "",
          "beforeHooks": [],
          "afterHooks": [],
          "tests": [
            {
              "title": "Selected category, description and value are added to the table",
              "fullTitle": "Modus Create - Cypress exercise Selected category, description and value are added to the table",
              "timedOut": null,
              "duration": 60339,
              "state": "failed",
              "speed": null,
              "pass": false,
              "fail": true,
              "pending": false,
              "context": null,
              "code": "var newValue = 1;\ncy.addEntry(\"Income\", \"Cypress exercise\", newValue).click().get(selectors.category).contains(\"Income\").get(selectors.description).contains(\"Cypress exercise\").invoke(\"text\").should('eq', \"Cypress exercise\");\nvar value = functions.valueInTable();\nexpect(value).to.equal(newValue);",
              "err": {
                "message": "CypressError: Timed out after waiting `60000ms` for your remote page to load.\n\nYour page did not fire its `load` event within `60000ms`.\n\nYou can try increasing the `pageLoadTimeout` value in `cypress.json` to wait longer.\n\nBrowsers will not fire the `load` event until all stylesheets and scripts are done downloading.\n\nWhen this `load` event occurs, Cypress will continue running commands.\n\nBecause this error occurred during a `before all` hook we are skipping the remaining tests in the current suite: `Modus Create - Cypress exer...`",
                "estack": "CypressError: Timed out after waiting `60000ms` for your remote page to load.\n\nYour page did not fire its `load` event within `60000ms`.\n\nYou can try increasing the `pageLoadTimeout` value in `cypress.json` to wait longer.\n\nBrowsers will not fire the `load` event until all stylesheets and scripts are done downloading.\n\nWhen this `load` event occurs, Cypress will continue running commands.\n\nBecause this error occurred during a `before all` hook we are skipping the remaining tests in the current suite: `Modus Create - Cypress exer...`\n    at cypressErr (http://localhost:51155/__cypress/runner/cypress_runner.js:146180:16)\n    at cypressErrByPath (http://localhost:51155/__cypress/runner/cypress_runner.js:146189:10)\n    at Object.throwErrByPath (http://localhost:51155/__cypress/runner/cypress_runner.js:146152:11)\n    at timedOutWaitingForPageLoad (http://localhost:51155/__cypress/runner/cypress_runner.js:133648:20)\n    at http://localhost:51155/__cypress/runner/cypress_runner.js:134448:16\n    at tryCatcher (http://localhost:51155/__cypress/runner/cypress_runner.js:9059:23)\n    at http://localhost:51155/__cypress/runner/cypress_runner.js:4181:41\n    at tryCatcher (http://localhost:51155/__cypress/runner/cypress_runner.js:9059:23)\n    at Promise._settlePromiseFromHandler (http://localhost:51155/__cypress/runner/cypress_runner.js:6994:31)\n    at Promise._settlePromise (http://localhost:51155/__cypress/runner/cypress_runner.js:7051:18)\n    at Promise._settlePromise0 (http://localhost:51155/__cypress/runner/cypress_runner.js:7096:10)\n    at Promise._settlePromises (http://localhost:51155/__cypress/runner/cypress_runner.js:7172:18)\n    at _drainQueueStep (http://localhost:51155/__cypress/runner/cypress_runner.js:3766:12)\n    at _drainQueue (http://localhost:51155/__cypress/runner/cypress_runner.js:3759:9)\n    at Async.../../node_modules/bluebird/js/release/async.js.Async._drainQueues (http://localhost:51155/__cypress/runner/cypress_runner.js:3775:5)\n    at Async.drainQueues (http://localhost:51155/__cypress/runner/cypress_runner.js:3645:14)",
                "diff": null
              },
              "uuid": "d26a7485-535f-4a98-bc05-7270eadd9927",
              "parentUUID": "933a9aa2-f101-492e-bf8f-1dfaae42ba60",
              "isHook": false,
              "skipped": false
            }
          ],
          "suites": [],
          "passes": [],
          "failures": [
            "d26a7485-535f-4a98-bc05-7270eadd9927"
          ],
          "pending": [],
          "skipped": [],
          "duration": 60339,
          "root": false,
          "rootEmpty": false,
          "_timeout": 2000
        }
      ],
      "passes": [],
      "failures": [],
      "pending": [],
      "skipped": [],
      "duration": 0,
      "root": true,
      "rootEmpty": true,
      "_timeout": 2000
    }
  ],
  "meta": {
    "mocha": {
      "version": "7.0.0"
    },
    "mochawesome": {
      "options": {
        "quiet": false,
        "reportFilename": "report",
        "saveHtml": true,
        "saveJson": true,
        "consoleReporter": "spec",
        "useInlineDiffs": false,
        "code": true
      },
      "version": "5.0.0"
    },
    "marge": {
      "options": {
        "charts": false,
        "html": true,
        "json": true,
        "reportDir": "cypress/reports",
        "reportFilename": "report",
        "overwrite": true
      },
      "version": "4.1.0"
    }
  }
}