{
  "stats": {
    "suites": 1,
    "tests": 6,
    "passes": 5,
    "pending": 0,
    "failures": 1,
    "start": "2020-04-05T15:31:49.547Z",
    "end": "2020-04-05T15:32:01.410Z",
    "duration": 11863,
    "testsRegistered": 6,
    "passPercent": 83.33333333333334,
    "pendingPercent": 0,
    "other": 0,
    "hasOther": false,
    "skipped": 0,
    "hasSkipped": false
  },
  "results": [
    {
      "uuid": "55193ec9-ebe8-4e49-9ca7-34a067e7b69c",
      "title": "",
      "fullFile": "cypress/integration/test-flow.spec.js",
      "file": "cypress/integration/test-flow.spec.js",
      "beforeHooks": [],
      "afterHooks": [],
      "tests": [],
      "suites": [
        {
          "uuid": "19cae292-925e-4cf7-b890-1d2ae08664dc",
          "title": "Modus Create - Cypress excersise",
          "fullFile": "",
          "file": "",
          "beforeHooks": [],
          "afterHooks": [],
          "tests": [
            {
              "title": "Add button is disabled when no value has been entered",
              "fullTitle": "Modus Create - Cypress excersise Add button is disabled when no value has been entered",
              "timedOut": null,
              "duration": 5674,
              "state": "failed",
              "speed": null,
              "pass": false,
              "fail": true,
              "pending": false,
              "context": null,
              "code": "cy.log('This fail will test when it should not. It was a requirement in the exam to have one.');\ncy.get('div:nth-child(4) > button').contains('Add').should('not.be.disabled');",
              "err": {
                "message": "AssertionError: Timed out retrying: expected '<button.submit._1QF5S._1oggc>' not to be 'disabled'",
                "estack": "AssertionError: Timed out retrying: expected '<button.submit._1QF5S._1oggc>' not to be 'disabled'\n    at applyChainer (https://budget.modus.app/__cypress/runner/cypress_runner.js:131705:30)\n    at https://budget.modus.app/__cypress/runner/cypress_runner.js:131748:16\n    at arrayReduce (https://budget.modus.app/__cypress/runner/cypress_runner.js:18403:21)\n    at Function.reduce (https://budget.modus.app/__cypress/runner/cypress_runner.js:27401:14)\n    at applyChainers (https://budget.modus.app/__cypress/runner/cypress_runner.js:131738:18)\n    at tryCatcher (https://budget.modus.app/__cypress/runner/cypress_runner.js:9059:23)\n    at Function.Promise.attempt.Promise.try (https://budget.modus.app/__cypress/runner/cypress_runner.js:6333:29)\n    at Context.shouldFn (https://budget.modus.app/__cypress/runner/cypress_runner.js:131752:23)\n    at Context.should (https://budget.modus.app/__cypress/runner/cypress_runner.js:131767:23)\n    at https://budget.modus.app/__cypress/runner/cypress_runner.js:127819:39\n    at assertions (https://budget.modus.app/__cypress/runner/cypress_runner.js:128079:14)\n    at tryCatcher (https://budget.modus.app/__cypress/runner/cypress_runner.js:9059:23)\n    at Object.gotValue (https://budget.modus.app/__cypress/runner/cypress_runner.js:8203:18)\n    at Object.gotAccum (https://budget.modus.app/__cypress/runner/cypress_runner.js:8190:25)\n    at Object.tryCatcher (https://budget.modus.app/__cypress/runner/cypress_runner.js:9059:23)\n    at Promise._settlePromiseFromHandler (https://budget.modus.app/__cypress/runner/cypress_runner.js:6994:31)",
                "diff": null
              },
              "uuid": "230c37c0-2be3-425f-81aa-47d0f8212b76",
              "parentUUID": "19cae292-925e-4cf7-b890-1d2ae08664dc",
              "isHook": false,
              "skipped": false
            },
            {
              "title": "Selected category, description and value are added to the table",
              "fullTitle": "Modus Create - Cypress excersise Selected category, description and value are added to the table",
              "timedOut": null,
              "duration": 812,
              "state": "passed",
              "speed": "slow",
              "pass": true,
              "fail": false,
              "pending": false,
              "context": null,
              "code": "var newValue = 124;\ncy.addEntry('Income', 'Cypress exercise', newValue).get('tbody tr:last-child td:nth-child(1)').contains('Income').get('tbody tr:last-child td:nth-child(2)').contains('Cypress exercise').get('tbody tr:last-child td:nth-child(3)').contains(newValue);",
              "err": {},
              "uuid": "701c939c-5393-4975-931c-3a9598cb77fc",
              "parentUUID": "19cae292-925e-4cf7-b890-1d2ae08664dc",
              "isHook": false,
              "skipped": false
            },
            {
              "title": "Incomes are updated in Total Inflow field",
              "fullTitle": "Modus Create - Cypress excersise Incomes are updated in Total Inflow field",
              "timedOut": null,
              "duration": 901,
              "state": "passed",
              "speed": "slow",
              "pass": true,
              "fail": false,
              "pending": false,
              "context": null,
              "code": "// Initial status of Incomes & Outcomes\nvar currentIncome = functions.incomeNumber(); // Add an income\nvar newValue = 234;\ncy.addEntry('Income', 'Cypress will provide incomes', newValue); // Get the inital total + newIncome\nvar nextIncome = currentIncome + newValue; // New status of Incomes should equal nextIncome\nexpect(nextIncome).to.equal(currentIncome + newValue);",
              "err": {},
              "uuid": "465690c0-6847-401d-91f8-c921c15c56f7",
              "parentUUID": "19cae292-925e-4cf7-b890-1d2ae08664dc",
              "isHook": false,
              "skipped": false
            },
            {
              "title": "Outcomes are updated in Total Outflow field",
              "fullTitle": "Modus Create - Cypress excersise Outcomes are updated in Total Outflow field",
              "timedOut": null,
              "duration": 821,
              "state": "passed",
              "speed": "slow",
              "pass": true,
              "fail": false,
              "pending": false,
              "context": null,
              "code": "// Initial status of Outcomes\nvar currentOutcome = functions.outcomeNumber(); // Add an Outcome\nvar newValue = 345;\ncy.addEntry('Groceries', 'Add Groceries expenses', newValue); // Get the inital total + newOutcome\nvar nextOutcome = currentOutcome + newValue; // New status of Incomes should equal nextIncome\nexpect(nextOutcome).to.equal(currentOutcome + newValue);",
              "err": {},
              "uuid": "042f4255-fa54-487a-8f6e-e97cfc7f8f13",
              "parentUUID": "19cae292-925e-4cf7-b890-1d2ae08664dc",
              "isHook": false,
              "skipped": false
            },
            {
              "title": "Added an Income = Total amount is updated in Working balance field",
              "fullTitle": "Modus Create - Cypress excersise Added an Income = Total amount is updated in Working balance field",
              "timedOut": null,
              "duration": 1015,
              "state": "passed",
              "speed": "slow",
              "pass": true,
              "fail": false,
              "pending": false,
              "context": null,
              "code": "// Initial status of Incomes & Outcomes\nvar currentIncome = functions.incomeNumber();\nvar currentOutcome = functions.outcomeNumber(); // Add an income\nvar newValue = 345;\ncy.addEntry('Income', 'Income to test Working balance!', newValue); // Get the current total amount after adding \nvar total = functions.totalNumber(); // New Working balance should match incomes-outcomes\nvar balance = (currentIncome - currentOutcome).toFixed(2);\nexpect(total).to.equal(balance);",
              "err": {},
              "uuid": "028fe0fa-7c1d-448d-99d2-39474ba6fc2d",
              "parentUUID": "19cae292-925e-4cf7-b890-1d2ae08664dc",
              "isHook": false,
              "skipped": false
            },
            {
              "title": "Added an Outcome = Total amount is updated in Working balance field",
              "fullTitle": "Modus Create - Cypress excersise Added an Outcome = Total amount is updated in Working balance field",
              "timedOut": null,
              "duration": 926,
              "state": "passed",
              "speed": "slow",
              "pass": true,
              "fail": false,
              "pending": false,
              "context": null,
              "code": "// Initial status of Incomes & Outcomes\nvar currentIncome = functions.incomeNumber();\nvar currentOutcome = functions.outcomeNumber(); // Add an outcome\ncy.addEntry('Home', 'Outcome to test Working balance!', 500); // Get the current total amount after adding and outcome\nvar total = functions.totalNumber(); // New Working balance should match incomes-outcomes\nvar balance = (currentIncome - currentOutcome).toFixed(2);\nexpect(total).to.equal(balance);",
              "err": {},
              "uuid": "9579583c-f732-475a-a533-e81a2bedf0a4",
              "parentUUID": "19cae292-925e-4cf7-b890-1d2ae08664dc",
              "isHook": false,
              "skipped": false
            }
          ],
          "suites": [],
          "passes": [
            "701c939c-5393-4975-931c-3a9598cb77fc",
            "465690c0-6847-401d-91f8-c921c15c56f7",
            "042f4255-fa54-487a-8f6e-e97cfc7f8f13",
            "028fe0fa-7c1d-448d-99d2-39474ba6fc2d",
            "9579583c-f732-475a-a533-e81a2bedf0a4"
          ],
          "failures": [
            "230c37c0-2be3-425f-81aa-47d0f8212b76"
          ],
          "pending": [],
          "skipped": [],
          "duration": 10149,
          "root": false,
          "rootEmpty": false,
          "_timeout": 2000
        }
      ],
      "passes": [],
      "failures": [],
      "pending": [],
      "skipped": [],
      "duration": 0,
      "root": true,
      "rootEmpty": true,
      "_timeout": 2000
    }
  ],
  "meta": {
    "mocha": {
      "version": "7.0.0"
    },
    "mochawesome": {
      "options": {
        "quiet": false,
        "reportFilename": "report",
        "saveHtml": true,
        "saveJson": true,
        "consoleReporter": "spec",
        "useInlineDiffs": false,
        "code": true
      },
      "version": "5.0.0"
    },
    "marge": {
      "options": {
        "charts": false,
        "html": true,
        "json": true,
        "reportDir": "cypress/reports",
        "reportFilename": "report",
        "overwrite": true
      },
      "version": "4.1.0"
    }
  }
}